Arguments: 
  /usr/local/bin/node /opt/yarn-v1.22.19/bin/yarn.js add jest-junit@16.0.0 --dev

PATH: 
  /usr/local/sbin:/usr/local/bin:/usr/sbin:/usr/bin:/sbin:/bin

Yarn version: 
  1.22.19

Node version: 
  20.11.0

Platform: 
  linux x64

Trace: 
  Error: ENOSYS: function not implemented, fstat

npm manifest: 
  {
    "name": "damage-calc",
    "version": "1.0.0",
    "description": "calculator of damage",
    "main": "index.js",
    "author": "",
    "scripts": {
      "test": "jest"
    },
    "license": "ISC",
    "devDependencies": {
      "jest": "29.7.0"
    }
  }

yarn manifest: 
  No manifest

Lockfile: 
  No lockfile
